This is pdfTeX, Version 3.14159265-2.6-1.40.17 (TeX Live 2016) (preloaded format=pdflatex 2017.5.16)  12 MAR 2018 11:17
entering extended mode
 restricted \write18 enabled.
 %&-line parsing enabled.
**compte_rendu.tex
(./compte_rendu.tex
LaTeX2e <2016/03/31>
Babel <3.9r> and hyphenation patterns for 3 language(s) loaded.
(/usr/share/texlive/texmf-dist/tex/latex/base/article.cls
Document Class: article 2014/09/29 v1.4h Standard LaTeX document class
(/usr/share/texlive/texmf-dist/tex/latex/base/size10.clo
File: size10.clo 2014/09/29 v1.4h Standard LaTeX file (size option)
)
\c@part=\count79
\c@section=\count80
\c@subsection=\count81
\c@subsubsection=\count82
\c@paragraph=\count83
\c@subparagraph=\count84
\c@figure=\count85
\c@table=\count86
\abovecaptionskip=\skip41
\belowcaptionskip=\skip42
\bibindent=\dimen102
)
(/usr/share/texlive/texmf-dist/tex/latex/base/inputenc.sty
Package: inputenc 2015/03/17 v1.2c Input encoding file
\inpenc@prehook=\toks14
\inpenc@posthook=\toks15

(/usr/share/texlive/texmf-dist/tex/latex/base/utf8.def
File: utf8.def 2016/02/28 v1.1s UTF-8 support for inputenc
Now handling font encoding OML ...
... no UTF-8 mapping file for font encoding OML
Now handling font encoding T1 ...
... processing UTF-8 mapping file for font encoding T1

(/usr/share/texlive/texmf-dist/tex/latex/base/t1enc.dfu
File: t1enc.dfu 2016/02/28 v1.1s UTF-8 support for inputenc
   defining Unicode char U+00A0 (decimal 160)
   defining Unicode char U+00A1 (decimal 161)
   defining Unicode char U+00A3 (decimal 163)
   defining Unicode char U+00AB (decimal 171)
   defining Unicode char U+00AD (decimal 173)
   defining Unicode char U+00BB (decimal 187)
   defining Unicode char U+00BF (decimal 191)
   defining Unicode char U+00C0 (decimal 192)
   defining Unicode char U+00C1 (decimal 193)
   defining Unicode char U+00C2 (decimal 194)
   defining Unicode char U+00C3 (decimal 195)
   defining Unicode char U+00C4 (decimal 196)
   defining Unicode char U+00C5 (decimal 197)
   defining Unicode char U+00C6 (decimal 198)
   defining Unicode char U+00C7 (decimal 199)
   defining Unicode char U+00C8 (decimal 200)
   defining Unicode char U+00C9 (decimal 201)
   defining Unicode char U+00CA (decimal 202)
   defining Unicode char U+00CB (decimal 203)
   defining Unicode char U+00CC (decimal 204)
   defining Unicode char U+00CD (decimal 205)
   defining Unicode char U+00CE (decimal 206)
   defining Unicode char U+00CF (decimal 207)
   defining Unicode char U+00D0 (decimal 208)
   defining Unicode char U+00D1 (decimal 209)
   defining Unicode char U+00D2 (decimal 210)
   defining Unicode char U+00D3 (decimal 211)
   defining Unicode char U+00D4 (decimal 212)
   defining Unicode char U+00D5 (decimal 213)
   defining Unicode char U+00D6 (decimal 214)
   defining Unicode char U+00D8 (decimal 216)
   defining Unicode char U+00D9 (decimal 217)
   defining Unicode char U+00DA (decimal 218)
   defining Unicode char U+00DB (decimal 219)
   defining Unicode char U+00DC (decimal 220)
   defining Unicode char U+00DD (decimal 221)
   defining Unicode char U+00DE (decimal 222)
   defining Unicode char U+00DF (decimal 223)
   defining Unicode char U+00E0 (decimal 224)
   defining Unicode char U+00E1 (decimal 225)
   defining Unicode char U+00E2 (decimal 226)
   defining Unicode char U+00E3 (decimal 227)
   defining Unicode char U+00E4 (decimal 228)
   defining Unicode char U+00E5 (decimal 229)
   defining Unicode char U+00E6 (decimal 230)
   defining Unicode char U+00E7 (decimal 231)
   defining Unicode char U+00E8 (decimal 232)
   defining Unicode char U+00E9 (decimal 233)
   defining Unicode char U+00EA (decimal 234)
   defining Unicode char U+00EB (decimal 235)
   defining Unicode char U+00EC (decimal 236)
   defining Unicode char U+00ED (decimal 237)
   defining Unicode char U+00EE (decimal 238)
   defining Unicode char U+00EF (decimal 239)
   defining Unicode char U+00F0 (decimal 240)
   defining Unicode char U+00F1 (decimal 241)
   defining Unicode char U+00F2 (decimal 242)
   defining Unicode char U+00F3 (decimal 243)
   defining Unicode char U+00F4 (decimal 244)
   defining Unicode char U+00F5 (decimal 245)
   defining Unicode char U+00F6 (decimal 246)
   defining Unicode char U+00F8 (decimal 248)
   defining Unicode char U+00F9 (decimal 249)
   defining Unicode char U+00FA (decimal 250)
   defining Unicode char U+00FB (decimal 251)
   defining Unicode char U+00FC (decimal 252)
   defining Unicode char U+00FD (decimal 253)
   defining Unicode char U+00FE (decimal 254)
   defining Unicode char U+00FF (decimal 255)
   defining Unicode char U+0100 (decimal 256)
   defining Unicode char U+0101 (decimal 257)
   defining Unicode char U+0102 (decimal 258)
   defining Unicode char U+0103 (decimal 259)
   defining Unicode char U+0104 (decimal 260)
   defining Unicode char U+0105 (decimal 261)
   defining Unicode char U+0106 (decimal 262)
   defining Unicode char U+0107 (decimal 263)
   defining Unicode char U+0108 (decimal 264)
   defining Unicode char U+0109 (decimal 265)
   defining Unicode char U+010A (decimal 266)
   defining Unicode char U+010B (decimal 267)
   defining Unicode char U+010C (decimal 268)
   defining Unicode char U+010D (decimal 269)
   defining Unicode char U+010E (decimal 270)
   defining Unicode char U+010F (decimal 271)
   defining Unicode char U+0110 (decimal 272)
   defining Unicode char U+0111 (decimal 273)
   defining Unicode char U+0112 (decimal 274)
   defining Unicode char U+0113 (decimal 275)
   defining Unicode char U+0114 (decimal 276)
   defining Unicode char U+0115 (decimal 277)
   defining Unicode char U+0116 (decimal 278)
   defining Unicode char U+0117 (decimal 279)
   defining Unicode char U+0118 (decimal 280)
   defining Unicode char U+0119 (decimal 281)
   defining Unicode char U+011A (decimal 282)
   defining Unicode char U+011B (decimal 283)
   defining Unicode char U+011C (decimal 284)
   defining Unicode char U+011D (decimal 285)
   defining Unicode char U+011E (decimal 286)
   defining Unicode char U+011F (decimal 287)
   defining Unicode char U+0120 (decimal 288)
   defining Unicode char U+0121 (decimal 289)
   defining Unicode char U+0122 (decimal 290)
   defining Unicode char U+0123 (decimal 291)
   defining Unicode char U+0124 (decimal 292)
   defining Unicode char U+0125 (decimal 293)
   defining Unicode char U+0128 (decimal 296)
   defining Unicode char U+0129 (decimal 297)
   defining Unicode char U+012A (decimal 298)
   defining Unicode char U+012B (decimal 299)
   defining Unicode char U+012C (decimal 300)
   defining Unicode char U+012D (decimal 301)
   defining Unicode char U+012E (decimal 302)
   defining Unicode char U+012F (decimal 303)
   defining Unicode char U+0130 (decimal 304)
   defining Unicode char U+0131 (decimal 305)
   defining Unicode char U+0132 (decimal 306)
   defining Unicode char U+0133 (decimal 307)
   defining Unicode char U+0134 (decimal 308)
   defining Unicode char U+0135 (decimal 309)
   defining Unicode char U+0136 (decimal 310)
   defining Unicode char U+0137 (decimal 311)
   defining Unicode char U+0139 (decimal 313)
   defining Unicode char U+013A (decimal 314)
   defining Unicode char U+013B (decimal 315)
   defining Unicode char U+013C (decimal 316)
   defining Unicode char U+013D (decimal 317)
   defining Unicode char U+013E (decimal 318)
   defining Unicode char U+0141 (decimal 321)
   defining Unicode char U+0142 (decimal 322)
   defining Unicode char U+0143 (decimal 323)
   defining Unicode char U+0144 (decimal 324)
   defining Unicode char U+0145 (decimal 325)
   defining Unicode char U+0146 (decimal 326)
   defining Unicode char U+0147 (decimal 327)
   defining Unicode char U+0148 (decimal 328)
   defining Unicode char U+014A (decimal 330)
   defining Unicode char U+014B (decimal 331)
   defining Unicode char U+014C (decimal 332)
   defining Unicode char U+014D (decimal 333)
   defining Unicode char U+014E (decimal 334)
   defining Unicode char U+014F (decimal 335)
   defining Unicode char U+0150 (decimal 336)
   defining Unicode char U+0151 (decimal 337)
   defining Unicode char U+0152 (decimal 338)
   defining Unicode char U+0153 (decimal 339)
   defining Unicode char U+0154 (decimal 340)
   defining Unicode char U+0155 (decimal 341)
   defining Unicode char U+0156 (decimal 342)
   defining Unicode char U+0157 (decimal 343)
   defining Unicode char U+0158 (decimal 344)
   defining Unicode char U+0159 (decimal 345)
   defining Unicode char U+015A (decimal 346)
   defining Unicode char U+015B (decimal 347)
   defining Unicode char U+015C (decimal 348)
   defining Unicode char U+015D (decimal 349)
   defining Unicode char U+015E (decimal 350)
   defining Unicode char U+015F (decimal 351)
   defining Unicode char U+0160 (decimal 352)
   defining Unicode char U+0161 (decimal 353)
   defining Unicode char U+0162 (decimal 354)
   defining Unicode char U+0163 (decimal 355)
   defining Unicode char U+0164 (decimal 356)
   defining Unicode char U+0165 (decimal 357)
   defining Unicode char U+0168 (decimal 360)
   defining Unicode char U+0169 (decimal 361)
   defining Unicode char U+016A (decimal 362)
   defining Unicode char U+016B (decimal 363)
   defining Unicode char U+016C (decimal 364)
   defining Unicode char U+016D (decimal 365)
   defining Unicode char U+016E (decimal 366)
   defining Unicode char U+016F (decimal 367)
   defining Unicode char U+0170 (decimal 368)
   defining Unicode char U+0171 (decimal 369)
   defining Unicode char U+0172 (decimal 370)
   defining Unicode char U+0173 (decimal 371)
   defining Unicode char U+0174 (decimal 372)
   defining Unicode char U+0175 (decimal 373)
   defining Unicode char U+0176 (decimal 374)
   defining Unicode char U+0177 (decimal 375)
   defining Unicode char U+0178 (decimal 376)
   defining Unicode char U+0179 (decimal 377)
   defining Unicode char U+017A (decimal 378)
   defining Unicode char U+017B (decimal 379)
   defining Unicode char U+017C (decimal 380)
   defining Unicode char U+017D (decimal 381)
   defining Unicode char U+017E (decimal 382)
   defining Unicode char U+01CD (decimal 461)
   defining Unicode char U+01CE (decimal 462)
   defining Unicode char U+01CF (decimal 463)
   defining Unicode char U+01D0 (decimal 464)
   defining Unicode char U+01D1 (decimal 465)
   defining Unicode char U+01D2 (decimal 466)
   defining Unicode char U+01D3 (decimal 467)
   defining Unicode char U+01D4 (decimal 468)
   defining Unicode char U+01E2 (decimal 482)
   defining Unicode char U+01E3 (decimal 483)
   defining Unicode char U+01E6 (decimal 486)
   defining Unicode char U+01E7 (decimal 487)
   defining Unicode char U+01E8 (decimal 488)
   defining Unicode char U+01E9 (decimal 489)
   defining Unicode char U+01EA (decimal 490)
   defining Unicode char U+01EB (decimal 491)
   defining Unicode char U+01F0 (decimal 496)
   defining Unicode char U+01F4 (decimal 500)
   defining Unicode char U+01F5 (decimal 501)
   defining Unicode char U+0218 (decimal 536)
   defining Unicode char U+0219 (decimal 537)
   defining Unicode char U+021A (decimal 538)
   defining Unicode char U+021B (decimal 539)
   defining Unicode char U+1E02 (decimal 7682)
   defining Unicode char U+1E03 (decimal 7683)
   defining Unicode char U+200C (decimal 8204)
   defining Unicode char U+2010 (decimal 8208)
   defining Unicode char U+2011 (decimal 8209)
   defining Unicode char U+2012 (decimal 8210)
   defining Unicode char U+2013 (decimal 8211)
   defining Unicode char U+2014 (decimal 8212)
   defining Unicode char U+2015 (decimal 8213)
   defining Unicode char U+2018 (decimal 8216)
   defining Unicode char U+2019 (decimal 8217)
   defining Unicode char U+201A (decimal 8218)
   defining Unicode char U+201C (decimal 8220)
   defining Unicode char U+201D (decimal 8221)
   defining Unicode char U+201E (decimal 8222)
   defining Unicode char U+2030 (decimal 8240)
   defining Unicode char U+2031 (decimal 8241)
   defining Unicode char U+2039 (decimal 8249)
   defining Unicode char U+203A (decimal 8250)
   defining Unicode char U+2423 (decimal 9251)
)
Now handling font encoding OT1 ...
... processing UTF-8 mapping file for font encoding OT1

(/usr/share/texlive/texmf-dist/tex/latex/base/ot1enc.dfu
File: ot1enc.dfu 2016/02/28 v1.1s UTF-8 support for inputenc
   defining Unicode char U+00A0 (decimal 160)
   defining Unicode char U+00A1 (decimal 161)
   defining Unicode char U+00A3 (decimal 163)
   defining Unicode char U+00AD (decimal 173)
   defining Unicode char U+00B8 (decimal 184)
   defining Unicode char U+00BF (decimal 191)
   defining Unicode char U+00C5 (decimal 197)
   defining Unicode char U+00C6 (decimal 198)
   defining Unicode char U+00D8 (decimal 216)
   defining Unicode char U+00DF (decimal 223)
   defining Unicode char U+00E6 (decimal 230)
   defining Unicode char U+00EC (decimal 236)
   defining Unicode char U+00ED (decimal 237)
   defining Unicode char U+00EE (decimal 238)
   defining Unicode char U+00EF (decimal 239)
   defining Unicode char U+00F8 (decimal 248)
   defining Unicode char U+0131 (decimal 305)
   defining Unicode char U+0141 (decimal 321)
   defining Unicode char U+0142 (decimal 322)
   defining Unicode char U+0152 (decimal 338)
   defining Unicode char U+0153 (decimal 339)
   defining Unicode char U+0174 (decimal 372)
   defining Unicode char U+0175 (decimal 373)
   defining Unicode char U+0176 (decimal 374)
   defining Unicode char U+0177 (decimal 375)
   defining Unicode char U+0218 (decimal 536)
   defining Unicode char U+0219 (decimal 537)
   defining Unicode char U+021A (decimal 538)
   defining Unicode char U+021B (decimal 539)
   defining Unicode char U+2013 (decimal 8211)
   defining Unicode char U+2014 (decimal 8212)
   defining Unicode char U+2018 (decimal 8216)
   defining Unicode char U+2019 (decimal 8217)
   defining Unicode char U+201C (decimal 8220)
   defining Unicode char U+201D (decimal 8221)
)
Now handling font encoding OMS ...
... processing UTF-8 mapping file for font encoding OMS

(/usr/share/texlive/texmf-dist/tex/latex/base/omsenc.dfu
File: omsenc.dfu 2016/02/28 v1.1s UTF-8 support for inputenc
   defining Unicode char U+00A7 (decimal 167)
   defining Unicode char U+00B6 (decimal 182)
   defining Unicode char U+00B7 (decimal 183)
   defining Unicode char U+2020 (decimal 8224)
   defining Unicode char U+2021 (decimal 8225)
   defining Unicode char U+2022 (decimal 8226)
)
Now handling font encoding OMX ...
... no UTF-8 mapping file for font encoding OMX
Now handling font encoding U ...
... no UTF-8 mapping file for font encoding U
   defining Unicode char U+00A9 (decimal 169)
   defining Unicode char U+00AA (decimal 170)
   defining Unicode char U+00AE (decimal 174)
   defining Unicode char U+00BA (decimal 186)
   defining Unicode char U+02C6 (decimal 710)
   defining Unicode char U+02DC (decimal 732)
   defining Unicode char U+200C (decimal 8204)
   defining Unicode char U+2026 (decimal 8230)
   defining Unicode char U+2122 (decimal 8482)
   defining Unicode char U+2423 (decimal 9251)
))
(/usr/share/texlive/texmf-dist/tex/latex/geometry/geometry.sty
Package: geometry 2010/09/12 v5.6 Page Geometry

(/usr/share/texlive/texmf-dist/tex/latex/graphics/keyval.sty
Package: keyval 2014/10/28 v1.15 key=value parser (DPC)
\KV@toks@=\toks16
)
(/usr/share/texlive/texmf-dist/tex/generic/oberdiek/ifpdf.sty
Package: ifpdf 2016/05/14 v3.1 Provides the ifpdf switch
)
(/usr/share/texlive/texmf-dist/tex/generic/oberdiek/ifvtex.sty
Package: ifvtex 2016/05/16 v1.6 Detect VTeX and its facilities (HO)
Package ifvtex Info: VTeX not detected.
)
(/usr/share/texlive/texmf-dist/tex/generic/ifxetex/ifxetex.sty
Package: ifxetex 2010/09/12 v0.6 Provides ifxetex conditional
)
\Gm@cnth=\count87
\Gm@cntv=\count88
\c@Gm@tempcnt=\count89
\Gm@bindingoffset=\dimen103
\Gm@wd@mp=\dimen104
\Gm@odd@mp=\dimen105
\Gm@even@mp=\dimen106
\Gm@layoutwidth=\dimen107
\Gm@layoutheight=\dimen108
\Gm@layouthoffset=\dimen109
\Gm@layoutvoffset=\dimen110
\Gm@dimlist=\toks17
)
(/usr/share/texlive/texmf-dist/tex/latex/base/fontenc.sty
Package: fontenc 2005/09/27 v1.99g Standard LaTeX package

(/usr/share/texlive/texmf-dist/tex/latex/base/t1enc.def
File: t1enc.def 2005/09/27 v1.99g Standard LaTeX file
LaTeX Font Info:    Redeclaring font encoding T1 on input line 48.
))
(/usr/share/texlive/texmf-dist/tex/latex/algorithms/algorithm.sty
Package: algorithm 2009/08/24 v0.1 Document Style `algorithm' - floating enviro
nment

(/usr/share/texlive/texmf-dist/tex/latex/float/float.sty
Package: float 2001/11/08 v1.3d Float enhancements (AL)
\c@float@type=\count90
\float@exts=\toks18
\float@box=\box26
\@float@everytoks=\toks19
\@floatcapt=\box27
)
(/usr/share/texlive/texmf-dist/tex/latex/base/ifthen.sty
Package: ifthen 2014/09/29 v1.1c Standard LaTeX ifthen package (DPC)
)
\@float@every@algorithm=\toks20
\c@algorithm=\count91
)
(/usr/share/texlive/texmf-dist/tex/latex/graphics/graphicx.sty
Package: graphicx 2014/10/28 v1.0g Enhanced LaTeX Graphics (DPC,SPQR)

(/usr/share/texlive/texmf-dist/tex/latex/graphics/graphics.sty
Package: graphics 2016/05/09 v1.0r Standard LaTeX Graphics (DPC,SPQR)

(/usr/share/texlive/texmf-dist/tex/latex/graphics/trig.sty
Package: trig 2016/01/03 v1.10 sin cos tan (DPC)
)
(/usr/share/texlive/texmf-dist/tex/latex/graphics-cfg/graphics.cfg
File: graphics.cfg 2016/01/02 v1.10 sample graphics configuration
)
Package graphics Info: Driver file: pdftex.def on input line 96.

(/usr/share/texlive/texmf-dist/tex/latex/graphics-def/pdftex.def
File: pdftex.def 2016/07/10 v0.06j Graphics/color for pdfTeX

(/usr/share/texlive/texmf-dist/tex/generic/oberdiek/infwarerr.sty
Package: infwarerr 2016/05/16 v1.4 Providing info/warning/error messages (HO)
)
(/usr/share/texlive/texmf-dist/tex/generic/oberdiek/ltxcmds.sty
Package: ltxcmds 2016/05/16 v1.23 LaTeX kernel commands for general use (HO)
)
\Gread@gobject=\count92
))
\Gin@req@height=\dimen111
\Gin@req@width=\dimen112
)
(./compte_rendu.aux)
\openout1 = `compte_rendu.aux'.

LaTeX Font Info:    Checking defaults for OML/cmm/m/it on input line 12.
LaTeX Font Info:    ... okay on input line 12.
LaTeX Font Info:    Checking defaults for T1/cmr/m/n on input line 12.
LaTeX Font Info:    ... okay on input line 12.
LaTeX Font Info:    Checking defaults for OT1/cmr/m/n on input line 12.
LaTeX Font Info:    ... okay on input line 12.
LaTeX Font Info:    Checking defaults for OMS/cmsy/m/n on input line 12.
LaTeX Font Info:    ... okay on input line 12.
LaTeX Font Info:    Checking defaults for OMX/cmex/m/n on input line 12.
LaTeX Font Info:    ... okay on input line 12.
LaTeX Font Info:    Checking defaults for U/cmr/m/n on input line 12.
LaTeX Font Info:    ... okay on input line 12.

*geometry* driver: auto-detecting
*geometry* detected driver: pdftex
*geometry* verbose mode - [ preamble ] result:
* driver: pdftex
* paper: legalpaper
* layout: <same size as paper>
* layoutoffset:(h,v)=(0.0pt,0.0pt)
* modes: 
* h-part:(L,W,R)=(72.26999pt, 469.75502pt, 72.26999pt)
* v-part:(T,H,B)=(72.26999pt, 867.24002pt, 72.26999pt)
* \paperwidth=614.295pt
* \paperheight=1011.78pt
* \textwidth=469.75502pt
* \textheight=867.24002pt
* \oddsidemargin=0.0pt
* \evensidemargin=0.0pt
* \topmargin=-37.0pt
* \headheight=12.0pt
* \headsep=25.0pt
* \topskip=10.0pt
* \footskip=30.0pt
* \marginparwidth=57.0pt
* \marginparsep=11.0pt
* \columnsep=10.0pt
* \skip\footins=9.0pt plus 4.0pt minus 2.0pt
* \hoffset=0.0pt
* \voffset=0.0pt
* \mag=1000
* \@twocolumnfalse
* \@twosidefalse
* \@mparswitchfalse
* \@reversemarginfalse
* (1in=72.27pt=25.4mm, 1cm=28.453pt)

(/usr/share/texlive/texmf-dist/tex/context/base/mkii/supp-pdf.mkii
[Loading MPS to PDF converter (version 2006.09.02).]
\scratchcounter=\count93
\scratchdimen=\dimen113
\scratchbox=\box28
\nofMPsegments=\count94
\nofMParguments=\count95
\everyMPshowfont=\toks21
\MPscratchCnt=\count96
\MPscratchDim=\dimen114
\MPnumerator=\count97
\makeMPintoPDFobject=\count98
\everyMPtoPDFconversion=\toks22
) (/usr/share/texlive/texmf-dist/tex/generic/oberdiek/pdftexcmds.sty
Package: pdftexcmds 2016/05/21 v0.22 Utility functions of pdfTeX for LuaTeX (HO
)

(/usr/share/texlive/texmf-dist/tex/generic/oberdiek/ifluatex.sty
Package: ifluatex 2016/05/16 v1.4 Provides the ifluatex switch (HO)
Package ifluatex Info: LuaTeX not detected.
)
Package pdftexcmds Info: LuaTeX not detected.
Package pdftexcmds Info: \pdf@primitive is available.
Package pdftexcmds Info: \pdf@ifprimitive is available.
Package pdftexcmds Info: \pdfdraftmode found.
)
(/usr/share/texlive/texmf-dist/tex/latex/oberdiek/epstopdf-base.sty
Package: epstopdf-base 2016/05/15 v2.6 Base part for package epstopdf

(/usr/share/texlive/texmf-dist/tex/latex/oberdiek/grfext.sty
Package: grfext 2016/05/16 v1.2 Manage graphics extensions (HO)

(/usr/share/texlive/texmf-dist/tex/generic/oberdiek/kvdefinekeys.sty
Package: kvdefinekeys 2016/05/16 v1.4 Define keys (HO)
))
(/usr/share/texlive/texmf-dist/tex/latex/oberdiek/kvoptions.sty
Package: kvoptions 2016/05/16 v3.12 Key value format for package options (HO)

(/usr/share/texlive/texmf-dist/tex/generic/oberdiek/kvsetkeys.sty
Package: kvsetkeys 2016/05/16 v1.17 Key value parser (HO)

(/usr/share/texlive/texmf-dist/tex/generic/oberdiek/etexcmds.sty
Package: etexcmds 2016/05/16 v1.6 Avoid name clashes with e-TeX commands (HO)
Package etexcmds Info: Could not find \expanded.
(etexcmds)             That can mean that you are not using pdfTeX 1.50 or
(etexcmds)             that some package has redefined \expanded.
(etexcmds)             In the latter case, load this package earlier.
)))
Package epstopdf-base Info: Redefining graphics rule for `.eps' on input line 4
38.
Package grfext Info: Graphics extension search list:
(grfext)             [.png,.pdf,.jpg,.mps,.jpeg,.jbig2,.jb2,.PNG,.PDF,.JPG,.JPE
G,.JBIG2,.JB2,.eps]
(grfext)             \AppendGraphicsExtensions on input line 456.

(/usr/share/texlive/texmf-dist/tex/latex/latexconfig/epstopdf-sys.cfg
File: epstopdf-sys.cfg 2010/07/13 v1.3 Configuration of (r)epstopdf for TeX Liv
e
))
LaTeX Font Info:    External font `cmex10' loaded for size
(Font)              <12> on input line 13.
LaTeX Font Info:    External font `cmex10' loaded for size
(Font)              <8> on input line 13.
LaTeX Font Info:    External font `cmex10' loaded for size
(Font)              <6> on input line 13.
LaTeX Font Info:    External font `cmex10' loaded for size
(Font)              <7> on input line 18.
LaTeX Font Info:    External font `cmex10' loaded for size
(Font)              <5> on input line 18.

Underfull \hbox (badness 10000) in paragraph at lines 15--19

 []

<sdd.png, id=1, 660.4675pt x 794.97pt>
File: sdd.png Graphic file (type png)
 <use sdd.png>
Package pdftex.def Info: sdd.png used on input line 20.
(pdftex.def)             Requested size: 257.58128pt x 310.03705pt.

Underfull \hbox (badness 10000) in paragraph at lines 23--36

 []


Underfull \hbox (badness 10000) in paragraph at lines 23--36

 []


Underfull \hbox (badness 10000) in paragraph at lines 40--46

 []

LaTeX Font Info:    Try loading font information for OMS+cmr on input line 55.
(/usr/share/texlive/texmf-dist/tex/latex/base/omscmr.fd
File: omscmr.fd 2014/09/29 v2.5h Standard LaTeX font definitions
)
LaTeX Font Info:    Font shape `OMS/cmr/m/n' in size <10> not available
(Font)              Font shape `OMS/cmsy/m/n' tried instead on input line 55.
 [1

{/usr/share/texlive/texmf-var/fonts/map/pdftex/updmap/pdftex.map} <./sdd.png>]
<findElt.png, id=20, 1362.08875pt x 326.21875pt>
File: findElt.png Graphic file (type png)
 <use findElt.png>
Package pdftex.def Info: findElt.png used on input line 67.
(pdftex.def)             Requested size: 531.21248pt x 127.2248pt.

Overfull \hbox (61.45746pt too wide) in paragraph at lines 67--69
 [] 
 []


Underfull \hbox (badness 10000) in paragraph at lines 73--79

 []

<linkBlock.png, id=21, 844.15375pt x 256.96pt>
File: linkBlock.png Graphic file (type png)
 <use linkBlock.png>
Package pdftex.def Info: linkBlock.png used on input line 94.
(pdftex.def)             Requested size: 329.21863pt x 100.21399pt.

Underfull \hbox (badness 10000) in paragraph at lines 101--105

 []

[2 <./findElt.png> <./linkBlock.png>]
<insertKSorted.png, id=25, 1161.33875pt x 1457.445pt>
File: insertKSorted.png Graphic file (type png)
 <use insertKSorted.png>
Package pdftex.def Info: insertKSorted.png used on input line 155.
(pdftex.def)             Requested size: 452.92029pt x 568.40128pt.

Underfull \hbox (badness 10000) in paragraph at lines 161--165

 []

[3 <./insertKSorted.png>]
<removeFactory.png, id=30, 1214.5375pt x 619.31375pt>
File: removeFactory.png Graphic file (type png)
 <use removeFactory.png>
Package pdftex.def Info: removeFactory.png used on input line 196.
(pdftex.def)             Requested size: 473.66772pt x 241.53139pt.

Overfull \hbox (3.9127pt too wide) in paragraph at lines 196--197
 [] 
 []


Underfull \hbox (badness 10000) in paragraph at lines 203--207

 []

<writeLinkedListToFile.png, id=31, 1178.4025pt x 307.1475pt>
File: writeLinkedListToFile.png Graphic file (type png)

<use writeLinkedListToFile.png>
Package pdftex.def Info: writeLinkedListToFile.png used on input line 232.
(pdftex.def)             Requested size: 459.57513pt x 119.78703pt.
 [4 <./removeFactory.png>]
Underfull \hbox (badness 10000) in paragraph at lines 239--243

 []

<insertProductionBlock.png, id=35, 1248.665pt x 583.17876pt>
File: insertProductionBlock.png Graphic file (type png)

<use insertProductionBlock.png>
Package pdftex.def Info: insertProductionBlock.png used on input line 278.
(pdftex.def)             Requested size: 486.97739pt x 227.4388pt.

Overfull \hbox (17.22237pt too wide) in paragraph at lines 278--279
 [] 
 []


Underfull \hbox (badness 10000) in paragraph at lines 285--289

 []

[5 <./writeLinkedListToFile.png> <./insertProductionBlock.png>]
<freeLinkedList.png, id=39, 908.39375pt x 352.31625pt>
File: freeLinkedList.png Graphic file (type png)

<use freeLinkedList.png>
Package pdftex.def Info: freeLinkedList.png used on input line 312.
(pdftex.def)             Requested size: 354.27214pt x 137.40277pt.

Underfull \hbox (badness 10000) in paragraph at lines 319--327

 []


Underfull \hbox (badness 10000) in paragraph at lines 319--327

 []

<loadMatrixFromFile.png, id=40, 1071.00125pt x 1583.9175pt>
File: loadMatrixFromFile.png Graphic file (type png)

<use loadMatrixFromFile.png>
Package pdftex.def Info: loadMatrixFromFile.png used on input line 367.
(pdftex.def)             Requested size: 417.68881pt x 617.72534pt.
 [6 <./freeLinkedList.png>]
Underfull \hbox (badness 10000) in paragraph at lines 374--378

 []

[7 <./loadMatrixFromFile.png (PNG copy)>]
<freeMatrix.png, id=48, 936.49875pt x 513.92pt>
File: freeMatrix.png Graphic file (type png)
 <use freeMatrix.png>
Package pdftex.def Info: freeMatrix.png used on input line 404.
(pdftex.def)             Requested size: 365.23305pt x 200.42798pt.

Underfull \hbox (badness 10000) in paragraph at lines 411--415

 []

<printMatrix.png, id=49, 1087.06125pt x 410.53375pt>
File: printMatrix.png Graphic file (type png)
 <use printMatrix.png>
Package pdftex.def Info: printMatrix.png used on input line 437.
(pdftex.def)             Requested size: 423.95218pt x 160.10751pt.

[8 <./freeMatrix.png> <./printMatrix.png>]
Underfull \hbox (badness 10000) in paragraph at lines 444--448

 []


Underfull \hbox (badness 1430) in paragraph at lines 459--461
[]| | | | | \T1/cmr/m/n/10 On crée la liste chainée sur toutes les valeurs de l
a ma-trice avec
 []

<main.png, id=53, 1114.1625pt x 2261.44875pt>
File: main.png Graphic file (type png)
 <use main.png>
Package pdftex.def Info: main.png used on input line 515.
(pdftex.def)             Requested size: 434.52164pt x 881.96149pt.
 [9]
Overfull \vbox (14.72147pt too high) has occurred while \output is active []


[10 <./main.png>] <Makefile.png, id=61, 867.24pt x 361.35pt>
File: Makefile.png Graphic file (type png)

<use Makefile.png>
Package pdftex.def Info: Makefile.png used on input line 523.
(pdftex.def)             Requested size: 338.22224pt x 140.92593pt.
 <trace_1.png, id=62, 1122.1925pt x 309.155pt>
File: trace_1.png Graphic file (type png)

<use trace_1.png>
Package pdftex.def Info: trace_1.png used on input line 530.
(pdftex.def)             Requested size: 448.86905pt x 123.6598pt.
 <trace_2.png, id=63, 559.08875pt x 237.88875pt>
File: trace_2.png Graphic file (type png)

<use trace_2.png>
Package pdftex.def Info: trace_2.png used on input line 536.
(pdftex.def)             Requested size: 223.63153pt x 95.15381pt.
 <matrice_vide.png, id=64, 504.88625pt x 231.86626pt>
File: matrice_vide.png Graphic file (type png)

<use matrice_vide.png>
Package pdftex.def Info: matrice_vide.png used on input line 537.
(pdftex.def)             Requested size: 201.95091pt x 92.74484pt.
 <trace_3.png, id=65, 630.355pt x 298.11375pt>
File: trace_3.png Graphic file (type png)

<use trace_3.png>
Package pdftex.def Info: trace_3.png used on input line 543.
(pdftex.def)             Requested size: 252.13753pt x 119.24338pt.
 <matrice_un_element.png, id=66, 505.89pt x 304.13625pt>
File: matrice_un_element.png Graphic file (type png)

<use matrice_un_element.png>
Package pdftex.def Info: matrice_un_element.png used on input line 544.
(pdftex.def)             Requested size: 202.3524pt x 121.65233pt.
 <trace_4.png, id=67, 554.07pt x 306.14375pt>
File: trace_4.png Graphic file (type png)

<use trace_4.png>
Package pdftex.def Info: trace_4.png used on input line 550.
(pdftex.def)             Requested size: 221.62407pt x 122.45532pt.
 <matrice_ligne.png, id=68, 507.8975pt x 159.59625pt>
File: matrice_ligne.png Graphic file (type png)

<use matrice_ligne.png>
Package pdftex.def Info: matrice_ligne.png used on input line 551.
(pdftex.def)             Requested size: 203.1554pt x 63.83736pt.
 <trace_5.png, id=69, 553.06625pt x 408.52625pt>
File: trace_5.png Graphic file (type png)

<use trace_5.png>
Package pdftex.def Info: trace_5.png used on input line 556.
(pdftex.def)             Requested size: 221.22258pt x 163.4076pt.
 <matrice_2.png, id=70, 503.8825pt x 283.0575pt>
File: matrice_2.png Graphic file (type png)

<use matrice_2.png>
Package pdftex.def Info: matrice_2.png used on input line 557.
(pdftex.def)             Requested size: 201.54942pt x 113.22098pt.
 [11 <./Makefile.png> <./trace_1.png> <./trace_2.png> <./matrice_vide.png> <./t
race_3.png> <./matrice_un_element.png> <./trace_4.png> <./matrice_ligne.png>] <
trace_6.png, id=77, 533.995pt x 248.93pt>
File: trace_6.png Graphic file (type png)
 <use trace_6.png>
Package pdftex.def Info: trace_6.png used on input line 563.
(pdftex.def)             Requested size: 213.59421pt x 99.57022pt.
File: matrice_2.png Graphic file (type png)

<use matrice_2.png>
Package pdftex.def Info: matrice_2.png used on input line 564.
(pdftex.def)             Requested size: 201.54942pt x 113.22098pt.
 <trace_7.png, id=78, 556.0775pt x 355.3275pt>
File: trace_7.png Graphic file (type png)

<use trace_7.png>
Package pdftex.def Info: trace_7.png used on input line 569.
(pdftex.def)             Requested size: 222.42705pt x 142.12846pt.
File: matrice_2.png Graphic file (type png)
 <use matrice_2.png>
Package pdftex.def Info: matrice_2.png used on input line 570.
(pdftex.def)             Requested size: 201.54942pt x 113.22098pt.

<trace_8.png, id=79, 677.53125pt x 204.765pt>
File: trace_8.png Graphic file (type png)
 <use trace_8.png>
Package pdftex.def Info: trace_8.png used on input line 576.
(pdftex.def)             Requested size: 271.00769pt x 81.90454pt.

<trace_9.png, id=80, 946.53625pt x 571.13374pt>
File: trace_9.png Graphic file (type png)
 <use trace_9.png>
Package pdftex.def Info: trace_9.png used on input line 582.
(pdftex.def)             Requested size: 283.96307pt x 171.34145pt.

<matrice_general.png, id=81, 504.88625pt x 254.9525pt>
File: matrice_general.png Graphic file (type png)

<use matrice_general.png>
Package pdftex.def Info: matrice_general.png used on input line 583.
(pdftex.def)             Requested size: 151.46703pt x 76.48633pt.
 [12 <./trace_5.png> <./matrice_2.png> <./trace_6.png> <./trace_7.png> <./trace
_8.png> <./trace_9.png> <./matrice_general.png>]
(./compte_rendu.aux) ) 
Here is how much of TeX's memory you used:
 2776 strings out of 494946
 36993 string characters out of 6180981
 98520 words of memory out of 5000000
 6004 multiletter control sequences out of 15000+600000
 11766 words of font info for 30 fonts, out of 8000000 for 9000
 14 hyphenation exceptions out of 8191
 38i,6n,29p,359b,237s stack positions out of 5000i,500n,10000p,200000b,80000s
 </usr/share/texlive/texmf-dist/fonts/pk/ljfour/public/cm
/dpi600/cmsy10.pk> </home/etud/jemorceaux/.cache/texlive/texmf-var/fonts/pk/ljf
our/jknappen/ec/ecbx1200.600pk> </home/etud/jemorceaux/.cache/texlive/texmf-var
/fonts/pk/ljfour/jknappen/ec/ecbx1000.600pk> </usr/share/texlive/texmf-dist/fon
ts/pk/ljfour/public/cm/dpi600/cmsy7.pk> </usr/share/texlive/texmf-dist/fonts/pk
/ljfour/public/cm/dpi600/cmmi7.pk> </usr/share/texlive/texmf-dist/fonts/pk/ljfo
ur/public/cm/dpi600/cmr7.pk> </usr/share/texlive/texmf-dist/fonts/pk/ljfour/pub
lic/cm/dpi600/cmmi10.pk> </home/etud/jemorceaux/.cache/texlive/texmf-var/fonts/
pk/ljfour/jknappen/ec/ecrm1000.600pk> </home/etud/jemorceaux/.cache/texlive/tex
mf-var/fonts/pk/ljfour/jknappen/ec/ecbx1440.600pk> </home/etud/jemorceaux/.cach
e/texlive/texmf-var/fonts/pk/ljfour/jknappen/ec/ecrm1200.600pk> </home/etud/jem
orceaux/.cache/texlive/texmf-var/fonts/pk/ljfour/jknappen/ec/ecrm1728.600pk>
Output written on compte_rendu.pdf (12 pages, 1277548 bytes).
PDF statistics:
 331 PDF objects out of 1000 (max. 8388607)
 73 compressed objects within 1 object stream
 0 named destinations out of 1000 (max. 500000)
 136 words of extra memory for PDF output out of 10000 (max. 10000000)

